<?xml version="1.0" encoding="UTF-8"?>
<!-- Generated by org.testng.reporters.JUnitXMLReporter -->
<testsuite ignored="0" hostname="DESKTOP-NOODAFN" failures="1" tests="1" name="Test" time="8.698" errors="0" timestamp="2022-03-22T15:26:29 IST">
  <testcase classname="FaileTestScreenshot.CaptureScreenshot" name="captureScreenshot" time="8.316">
    <failure type="java.lang.AssertionError" message="expected [Facebook – log in or sign up] but found [Home]">
      <![CDATA[java.lang.AssertionError: expected [Facebook – log in or sign up] but found [Home]
at FaileTestScreenshot.CaptureScreenshot.captureScreenshot(CaptureScreenshot.java:25)
at java.base/java.util.ArrayList.forEach(ArrayList.java:1511)
... Removed 33 stack frames]]>
    </failure>
  </testcase> <!-- captureScreenshot -->
</testsuite> <!-- Test -->
