<?xml version="1.0" encoding="UTF-8"?>
<testng-results ignored="0" total="2" passed="2" failed="0" skipped="0">
  <reporter-output>
  </reporter-output>
  <suite started-at="2022-03-22T16:06:01 IST" name="Default suite" finished-at="2022-03-22T16:06:12 IST" duration-ms="11244">
    <groups>
    </groups>
    <test started-at="2022-03-22T16:06:01 IST" name="Default test" finished-at="2022-03-22T16:06:12 IST" duration-ms="11244">
      <class name="DataProvider.DataProviderReal">
        <test-method is-config="true" signature="LaunchBrowser()[pri:0, instance:DataProvider.DataProviderReal@4c9f8c13]" started-at="2022-03-22T16:06:01 IST" name="LaunchBrowser" finished-at="2022-03-22T16:06:05 IST" duration-ms="3772" status="PASS">
          <reporter-output>
          </reporter-output>
        </test-method> <!-- LaunchBrowser -->
        <test-method signature="login(java.lang.String,java.lang.String)[pri:0, instance:DataProvider.DataProviderReal@4c9f8c13]" started-at="2022-03-22T16:06:05 IST" name="login" data-provider="TestData1" finished-at="2022-03-22T16:06:07 IST" duration-ms="2362" status="PASS">
          <params>
            <param index="0">
              <value>
                <![CDATA[amoljadhao094@gmail.com]]>
              </value>
            </param>
            <param index="1">
              <value>
                <![CDATA[Ajadhao093]]>
              </value>
            </param>
          </params>
          <reporter-output>
          </reporter-output>
        </test-method> <!-- login -->
        <test-method is-config="true" signature="LaunchBrowser()[pri:0, instance:DataProvider.DataProviderReal@4c9f8c13]" started-at="2022-03-22T16:06:07 IST" name="LaunchBrowser" finished-at="2022-03-22T16:06:10 IST" duration-ms="2673" status="PASS">
          <reporter-output>
          </reporter-output>
        </test-method> <!-- LaunchBrowser -->
        <test-method signature="login(java.lang.String,java.lang.String)[pri:0, instance:DataProvider.DataProviderReal@4c9f8c13]" started-at="2022-03-22T16:06:10 IST" name="login" data-provider="TestData1" finished-at="2022-03-22T16:06:12 IST" duration-ms="2380" status="PASS">
          <params>
            <param index="0">
              <value>
                <![CDATA[amoljadhao093@gmai]]>
              </value>
            </param>
            <param index="1">
              <value>
                <![CDATA[ajadhao093]]>
              </value>
            </param>
          </params>
          <reporter-output>
          </reporter-output>
        </test-method> <!-- login -->
      </class> <!-- DataProvider.DataProviderReal -->
    </test> <!-- Default test -->
  </suite> <!-- Default suite -->
</testng-results>
