<?xml version="1.0" encoding="UTF-8"?>
<testng-results ignored="0" total="2" passed="2" failed="0" skipped="0">
  <reporter-output>
  </reporter-output>
  <suite started-at="2022-03-23T16:39:38 IST" name="Suite" finished-at="2022-03-23T16:39:56 IST" duration-ms="17850">
    <groups>
    </groups>
    <test started-at="2022-03-23T16:39:38 IST" name="Test" finished-at="2022-03-23T16:39:42 IST" duration-ms="4309">
      <class name="com.Test.Test_001">
        <test-method is-config="true" signature="OpenBrowser(java.lang.String)[pri:0, instance:com.Test.Test_001@3c419631]" started-at="2022-03-23T16:39:38 IST" name="OpenBrowser" finished-at="2022-03-23T16:39:42 IST" duration-ms="3565" status="PASS">
          <params>
            <param index="0">
              <value>
                <![CDATA[chrome]]>
              </value>
            </param>
          </params>
          <reporter-output>
          </reporter-output>
        </test-method> <!-- OpenBrowser -->
        <test-method signature="verify_001()[pri:0, instance:com.Test.Test_001@3c419631]" started-at="2022-03-23T16:39:42 IST" name="verify_001" finished-at="2022-03-23T16:39:42 IST" duration-ms="431" status="PASS">
          <reporter-output>
          </reporter-output>
        </test-method> <!-- verify_001 -->
        <test-method is-config="true" signature="CloseBrowser()[pri:0, instance:com.Test.Test_001@3c419631]" started-at="2022-03-23T16:39:42 IST" name="CloseBrowser" finished-at="2022-03-23T16:39:42 IST" duration-ms="266" status="PASS">
          <reporter-output>
          </reporter-output>
        </test-method> <!-- CloseBrowser -->
      </class> <!-- com.Test.Test_001 -->
    </test> <!-- Test -->
    <test started-at="2022-03-23T16:39:42 IST" name="Test_Edge" finished-at="2022-03-23T16:39:56 IST" duration-ms="13510">
      <class name="com.Test.Test_001">
        <test-method is-config="true" signature="OpenBrowser(java.lang.String)[pri:0, instance:com.Test.Test_001@f5ac9e4]" started-at="2022-03-23T16:39:42 IST" name="OpenBrowser" finished-at="2022-03-23T16:39:55 IST" duration-ms="12932" status="PASS">
          <params>
            <param index="0">
              <value>
                <![CDATA[Edge]]>
              </value>
            </param>
          </params>
          <reporter-output>
          </reporter-output>
        </test-method> <!-- OpenBrowser -->
        <test-method signature="verify_001()[pri:0, instance:com.Test.Test_001@f5ac9e4]" started-at="2022-03-23T16:39:55 IST" name="verify_001" finished-at="2022-03-23T16:39:56 IST" duration-ms="315" status="PASS">
          <reporter-output>
          </reporter-output>
        </test-method> <!-- verify_001 -->
        <test-method is-config="true" signature="CloseBrowser()[pri:0, instance:com.Test.Test_001@f5ac9e4]" started-at="2022-03-23T16:39:56 IST" name="CloseBrowser" finished-at="2022-03-23T16:39:56 IST" duration-ms="257" status="PASS">
          <reporter-output>
          </reporter-output>
        </test-method> <!-- CloseBrowser -->
      </class> <!-- com.Test.Test_001 -->
    </test> <!-- Test_Edge -->
  </suite> <!-- Suite -->
</testng-results>
